<?php
$sehirler= array ("balıkesir","kütahya","bursa","yalova","rize");
$sehirler=["balıkesir","kütahya","bursa","yalova","rize"];
$soneleman=count($sehirler)-1;
echo $sehirler[$soneleman];
?>

<?php
$sehirler= array("balıkesir","kütahya","bursa","yalova","rize");
foreach($sehirler as $sehir) {
echo $sehir . "<br>";
}
?>

<?php
$sehirler = ["balıkesir","kütahya","bursa","yalova","rize"]; 
    for($x=0; $x <= (count($sehirler)-1); $x++ ):
        echo $sehirler[$x].' , ';
    endfor;
?>

<?php
$sehirler=array("balıkesir","kütahya","bursa","yalova","rize");
$sehir=0;
while($sehirler[$sehir]){
   echo $sehirler[$sehir]," ";
   $sehir++;
}
?>

<?php
$sehirler=array("balıkesir","kütahya","bursa","yalova","rize");
$i=0;
do
{
echo $sehirler [$i++];
echo "<br>";
} while($i<count($sehirler))
?>

